# JRE version: Java(TM) SE Runtime Environment (13.0.2+8) (build 13.0.2+8)
# Java VM: Java HotSpot(TM) 64-Bit Server VM (13.0.2+8, mixed mode, sharing, tiered, compressed oops, g1 gc, windows-amd64)
Heap:
 garbage-first heap   total 83968K, used 48247K [0x00000000c1c00000, 0x0000000100000000)
  region size 1024K, 4 young (4096K), 3 survivors (3072K)
 Metaspace       used 20665K, capacity 21096K, committed 21296K, reserved 1069056K
  class space    used 2411K, capacity 2585K, committed 2688K, reserved 1048576K
GC Heap History (16 events):
Event: 3.143 GC heap before
{Heap before GC invocations=0 (full 0):
 garbage-first heap   total 65536K, used 11264K [0x00000000c1c00000, 0x0000000100000000)
  region size 1024K, 7 young (7168K), 0 survivors (0K)
 Metaspace       used 5375K, capacity 5621K, committed 5888K, reserved 1056768K
  class space    used 586K, capacity 717K, committed 768K, reserved 1048576K
}
Event: 3.153 GC heap after
{Heap after GC invocations=1 (full 0):
 garbage-first heap   total 65536K, used 6463K [0x00000000c1c00000, 0x0000000100000000)
  region size 1024K, 1 young (1024K), 1 survivors (1024K)
 Metaspace       used 5375K, capacity 5621K, committed 5888K, reserved 1056768K
  class space    used 586K, capacity 717K, committed 768K, reserved 1048576K
}
Event: 3.469 GC heap before
{Heap before GC invocations=1 (full 0):
 garbage-first heap   total 65536K, used 13631K [0x00000000c1c00000, 0x0000000100000000)
  region size 1024K, 5 young (5120K), 1 survivors (1024K)
 Metaspace       used 5425K, capacity 5688K, committed 5888K, reserved 1056768K
  class space    used 586K, capacity 717K, committed 768K, reserved 1048576K
}
Event: 3.474 GC heap after
{Heap after GC invocations=2 (full 0):
 garbage-first heap   total 65536K, used 9960K [0x00000000c1c00000, 0x0000000100000000)
  region size 1024K, 1 young (1024K), 1 survivors (1024K)
 Metaspace       used 5425K, capacity 5688K, committed 5888K, reserved 1056768K
  class space    used 586K, capacity 717K, committed 768K, reserved 1048576K
}
Event: 5.873 GC heap before
{Heap before GC invocations=2 (full 0):
 garbage-first heap   total 65536K, used 39656K [0x00000000c1c00000, 0x0000000100000000)
  region size 1024K, 13 young (13312K), 1 survivors (1024K)
 Metaspace       used 6017K, capacity 6368K, committed 6528K, reserved 1056768K
  class space    used 656K, capacity 813K, committed 896K, reserved 1048576K
}
Event: 5.875 GC heap after
{Heap after GC invocations=3 (full 0):
 garbage-first heap   total 65536K, used 23205K [0x00000000c1c00000, 0x0000000100000000)
  region size 1024K, 1 young (1024K), 1 survivors (1024K)
 Metaspace       used 6017K, capacity 6368K, committed 6528K, reserved 1056768K
  class space    used 656K, capacity 813K, committed 896K, reserved 1048576K
}
Event: 12.538 GC heap before
{Heap before GC invocations=3 (full 0):
 garbage-first heap   total 65536K, used 38565K [0x00000000c1c00000, 0x0000000100000000)
  region size 1024K, 13 young (13312K), 1 survivors (1024K)
 Metaspace       used 10745K, capacity 11021K, committed 11264K, reserved 1058816K
  class space    used 1320K, capacity 1467K, committed 1536K, reserved 1048576K
}
Event: 12.545 GC heap after
{Heap after GC invocations=4 (full 0):
 garbage-first heap   total 65536K, used 29681K [0x00000000c1c00000, 0x0000000100000000)
  region size 1024K, 3 young (3072K), 3 survivors (3072K)
 Metaspace       used 10745K, capacity 11021K, committed 11264K, reserved 1058816K
  class space    used 1320K, capacity 1467K, committed 1536K, reserved 1048576K
}
Event: 15.536 GC heap before
{Heap before GC invocations=5 (full 0):
 garbage-first heap   total 65536K, used 41969K [0x00000000c1c00000, 0x0000000100000000)
  region size 1024K, 12 young (12288K), 3 survivors (3072K)
 Metaspace       used 11054K, capacity 11309K, committed 11520K, reserved 1058816K
  class space    used 1360K, capacity 1499K, committed 1536K, reserved 1048576K
}
Event: 15.545 GC heap after
{Heap after GC invocations=6 (full 0):
 garbage-first heap   total 65536K, used 30988K [0x00000000c1c00000, 0x0000000100000000)
  region size 1024K, 2 young (2048K), 2 survivors (2048K)
 Metaspace       used 11054K, capacity 11309K, committed 11520K, reserved 1058816K
  class space    used 1360K, capacity 1499K, committed 1536K, reserved 1048576K
}
Event: 16.916 GC heap before
{Heap before GC invocations=7 (full 0):
 garbage-first heap   total 68608K, used 43276K [0x00000000c1c00000, 0x0000000100000000)
  region size 1024K, 7 young (7168K), 2 survivors (2048K)
 Metaspace       used 11073K, capacity 11373K, committed 11520K, reserved 1058816K
  class space    used 1361K, capacity 1499K, committed 1536K, reserved 1048576K
}
Event: 16.919 GC heap after
{Heap after GC invocations=8 (full 0):
 garbage-first heap   total 68608K, used 35066K [0x00000000c1c00000, 0x0000000100000000)
  region size 1024K, 1 young (1024K), 1 survivors (1024K)
 Metaspace       used 11073K, capacity 11373K, committed 11520K, reserved 1058816K
  class space    used 1361K, capacity 1499K, committed 1536K, reserved 1048576K
}
Event: 18.889 GC heap before
{Heap before GC invocations=9 (full 0):
 garbage-first heap   total 76800K, used 56570K [0x00000000c1c00000, 0x0000000100000000)
  region size 1024K, 15 young (15360K), 1 survivors (1024K)
 Metaspace       used 12038K, capacity 12326K, committed 12416K, reserved 1060864K
  class space    used 1455K, capacity 1607K, committed 1664K, reserved 1048576K
}
Event: 18.894 GC heap after
{Heap after GC invocations=10 (full 0):
 garbage-first heap   total 76800K, used 40363K [0x00000000c1c00000, 0x0000000100000000)
  region size 1024K, 2 young (2048K), 2 survivors (2048K)
 Metaspace       used 12038K, capacity 12326K, committed 12416K, reserved 1060864K
  class space    used 1455K, capacity 1607K, committed 1664K, reserved 1048576K
}
Event: 301.510 GC heap before
{Heap before GC invocations=10 (full 0):
 garbage-first heap   total 76800K, used 54699K [0x00000000c1c00000, 0x0000000100000000)
  region size 1024K, 18 young (18432K), 2 survivors (2048K)
 Metaspace       used 20665K, capacity 21096K, committed 21296K, reserved 1069056K
  class space    used 2411K, capacity 2585K, committed 2688K, reserved 1048576K
}
Event: 301.530 GC heap after
{Heap after GC invocations=11 (full 0):
 garbage-first heap   total 76800K, used 44151K [0x00000000c1c00000, 0x0000000100000000)
  region size 1024K, 3 young (3072K), 3 survivors (3072K)
 Metaspace       used 20665K, capacity 21096K, committed 21296K, reserved 1069056K
  class space    used 2411K, capacity 2585K, committed 2688K, reserved 1048576K
}

