# JRE version: Java(TM) SE Runtime Environment (13.0.2+8) (build 13.0.2+8)
# Java VM: Java HotSpot(TM) 64-Bit Server VM (13.0.2+8, mixed mode, sharing, tiered, compressed oops, g1 gc, windows-amd64)
Heap:
 garbage-first heap   total 91136K, used 52456K [0x00000000c1c00000, 0x0000000100000000)
  region size 1024K, 2 young (2048K), 1 survivors (1024K)
 Metaspace       used 20744K, capacity 21225K, committed 21552K, reserved 1069056K
  class space    used 2412K, capacity 2585K, committed 2688K, reserved 1048576K
GC Heap History (20 events):
Event: 2.668 GC heap before
{Heap before GC invocations=1 (full 0):
 garbage-first heap   total 65536K, used 14651K [0x00000000c1c00000, 0x0000000100000000)
  region size 1024K, 6 young (6144K), 1 survivors (1024K)
 Metaspace       used 5433K, capacity 5689K, committed 5888K, reserved 1056768K
  class space    used 586K, capacity 717K, committed 768K, reserved 1048576K
}
Event: 2.674 GC heap after
{Heap after GC invocations=2 (full 0):
 garbage-first heap   total 65536K, used 9956K [0x00000000c1c00000, 0x0000000100000000)
  region size 1024K, 1 young (1024K), 1 survivors (1024K)
 Metaspace       used 5433K, capacity 5689K, committed 5888K, reserved 1056768K
  class space    used 586K, capacity 717K, committed 768K, reserved 1048576K
}
Event: 6.369 GC heap before
{Heap before GC invocations=2 (full 0):
 garbage-first heap   total 65536K, used 39652K [0x00000000c1c00000, 0x0000000100000000)
  region size 1024K, 14 young (14336K), 1 survivors (1024K)
 Metaspace       used 7925K, capacity 8289K, committed 8576K, reserved 1056768K
  class space    used 918K, capacity 1069K, committed 1152K, reserved 1048576K
}
Event: 6.375 GC heap after
{Heap after GC invocations=3 (full 0):
 garbage-first heap   total 65536K, used 23454K [0x00000000c1c00000, 0x0000000100000000)
  region size 1024K, 1 young (1024K), 1 survivors (1024K)
 Metaspace       used 7925K, capacity 8289K, committed 8576K, reserved 1056768K
  class space    used 918K, capacity 1069K, committed 1152K, reserved 1048576K
}
Event: 10.363 GC heap before
{Heap before GC invocations=3 (full 0):
 garbage-first heap   total 65536K, used 35742K [0x00000000c1c00000, 0x0000000100000000)
  region size 1024K, 10 young (10240K), 1 survivors (1024K)
 Metaspace       used 10709K, capacity 11022K, committed 11264K, reserved 1058816K
  class space    used 1320K, capacity 1467K, committed 1536K, reserved 1048576K
}
Event: 10.368 GC heap after
{Heap after GC invocations=4 (full 0):
 garbage-first heap   total 65536K, used 29616K [0x00000000c1c00000, 0x0000000100000000)
  region size 1024K, 3 young (3072K), 3 survivors (3072K)
 Metaspace       used 10709K, capacity 11022K, committed 11264K, reserved 1058816K
  class space    used 1320K, capacity 1467K, committed 1536K, reserved 1048576K
}
Event: 22.875 GC heap before
{Heap before GC invocations=5 (full 0):
 garbage-first heap   total 65536K, used 40880K [0x00000000c1c00000, 0x0000000100000000)
  region size 1024K, 12 young (12288K), 3 survivors (3072K)
 Metaspace       used 11027K, capacity 11310K, committed 11520K, reserved 1058816K
  class space    used 1360K, capacity 1499K, committed 1536K, reserved 1048576K
}
Event: 22.883 GC heap after
{Heap after GC invocations=6 (full 0):
 garbage-first heap   total 65536K, used 30931K [0x00000000c1c00000, 0x0000000100000000)
  region size 1024K, 2 young (2048K), 2 survivors (2048K)
 Metaspace       used 11027K, capacity 11310K, committed 11520K, reserved 1058816K
  class space    used 1360K, capacity 1499K, committed 1536K, reserved 1048576K
}
Event: 23.178 GC heap before
{Heap before GC invocations=7 (full 0):
 garbage-first heap   total 68608K, used 42195K [0x00000000c1c00000, 0x0000000100000000)
  region size 1024K, 7 young (7168K), 2 survivors (2048K)
 Metaspace       used 11032K, capacity 11310K, committed 11520K, reserved 1058816K
  class space    used 1361K, capacity 1499K, committed 1536K, reserved 1048576K
}
Event: 23.182 GC heap after
{Heap after GC invocations=8 (full 0):
 garbage-first heap   total 68608K, used 35095K [0x00000000c1c00000, 0x0000000100000000)
  region size 1024K, 1 young (1024K), 1 survivors (1024K)
 Metaspace       used 11032K, capacity 11310K, committed 11520K, reserved 1058816K
  class space    used 1361K, capacity 1499K, committed 1536K, reserved 1048576K
}
Event: 32.037 GC heap before
{Heap before GC invocations=9 (full 0):
 garbage-first heap   total 76800K, used 56599K [0x00000000c1c00000, 0x0000000100000000)
  region size 1024K, 15 young (15360K), 1 survivors (1024K)
 Metaspace       used 11637K, capacity 11953K, committed 12160K, reserved 1060864K
  class space    used 1413K, capacity 1564K, committed 1664K, reserved 1048576K
}
Event: 32.042 GC heap after
{Heap after GC invocations=10 (full 0):
 garbage-first heap   total 76800K, used 40314K [0x00000000c1c00000, 0x0000000100000000)
  region size 1024K, 2 young (2048K), 2 survivors (2048K)
 Metaspace       used 11637K, capacity 11953K, committed 12160K, reserved 1060864K
  class space    used 1413K, capacity 1564K, committed 1664K, reserved 1048576K
}
Event: 33.352 GC heap before
{Heap before GC invocations=10 (full 0):
 garbage-first heap   total 76800K, used 40314K [0x00000000c1c00000, 0x0000000100000000)
  region size 1024K, 3 young (3072K), 2 survivors (2048K)
 Metaspace       used 11722K, capacity 12017K, committed 12160K, reserved 1060864K
  class space    used 1413K, capacity 1564K, committed 1664K, reserved 1048576K
}
Event: 33.356 GC heap after
{Heap after GC invocations=11 (full 0):
 garbage-first heap   total 76800K, used 40389K [0x00000000c1c00000, 0x0000000100000000)
  region size 1024K, 2 young (2048K), 2 survivors (2048K)
 Metaspace       used 11722K, capacity 12017K, committed 12160K, reserved 1060864K
  class space    used 1413K, capacity 1564K, committed 1664K, reserved 1048576K
}
Event: 38.308 GC heap before
{Heap before GC invocations=12 (full 0):
 garbage-first heap   total 86016K, used 64965K [0x00000000c1c00000, 0x0000000100000000)
  region size 1024K, 19 young (19456K), 2 survivors (2048K)
 Metaspace       used 17863K, capacity 18291K, committed 18432K, reserved 1064960K
  class space    used 2044K, capacity 2225K, committed 2304K, reserved 1048576K
}
Event: 38.323 GC heap after
{Heap after GC invocations=13 (full 0):
 garbage-first heap   total 86016K, used 47512K [0x00000000c1c00000, 0x0000000100000000)
  region size 1024K, 3 young (3072K), 3 survivors (3072K)
 Metaspace       used 17863K, capacity 18291K, committed 18432K, reserved 1064960K
  class space    used 2044K, capacity 2225K, committed 2304K, reserved 1048576K
}
Event: 42.589 GC heap before
{Heap before GC invocations=13 (full 0):
 garbage-first heap   total 86016K, used 49560K [0x00000000c1c00000, 0x0000000100000000)
  region size 1024K, 7 young (7168K), 3 survivors (3072K)
 Metaspace       used 20657K, capacity 21090K, committed 21296K, reserved 1069056K
  class space    used 2403K, capacity 2582K, committed 2688K, reserved 1048576K
}
Event: 42.599 GC heap after
{Heap after GC invocations=14 (full 0):
 garbage-first heap   total 86016K, used 48399K [0x00000000c1c00000, 0x0000000100000000)
  region size 1024K, 1 young (1024K), 1 survivors (1024K)
 Metaspace       used 20657K, capacity 21090K, committed 21296K, reserved 1069056K
  class space    used 2403K, capacity 2582K, committed 2688K, reserved 1048576K
}
Event: 243.807 GC heap before
{Heap before GC invocations=15 (full 0):
 garbage-first heap   total 86016K, used 48399K [0x00000000c1c00000, 0x0000000100000000)
  region size 1024K, 2 young (2048K), 1 survivors (1024K)
 Metaspace       used 20741K, capacity 21225K, committed 21552K, reserved 1069056K
  class space    used 2412K, capacity 2585K, committed 2688K, reserved 1048576K
}
Event: 243.810 GC heap after
{Heap after GC invocations=16 (full 0):
 garbage-first heap   total 86016K, used 48360K [0x00000000c1c00000, 0x0000000100000000)
  region size 1024K, 1 young (1024K), 1 survivors (1024K)
 Metaspace       used 20741K, capacity 21225K, committed 21552K, reserved 1069056K
  class space    used 2412K, capacity 2585K, committed 2688K, reserved 1048576K
}

